
**** Build of configuration Debug for project proyecto ****

"C:\\ti\\ccs1031\\ccs\\utils\\bin\\gmake" -k -j 8 all -O 
 
Building target: "proyecto.out"
Invoking: Arm Linker
"C:/ti/ccs1031/ccs/tools/compiler/ti-cgt-arm_20.2.5.LTS/bin/armcl" -mv7M4 --code_state=16 --float_support=FPv4SPD16 -me --define=ccs="ccs" --define=TARGET_IS_TM4C123_RB1 --define=PART_TM4C123GH6PM -g --gcc --diag_warning=225 --diag_wrap=off --display_error_number --abi=eabi -z -m"proyecto.map" --heap_size=0 --stack_size=512 -i"C:/ti/ccs1031/ccs/tools/compiler/ti-cgt-arm_20.2.5.LTS/lib" -i"C:/ti/ccs1031/ccs/tools/compiler/ti-cgt-arm_20.2.5.LTS/include" --reread_libs --diag_wrap=off --display_error_number --warn_sections --xml_link_info="proyecto_linkInfo.xml" --rom_model -o "proyecto.out" "./proyecto.obj" "./tm4c123gh6pm_startup_ccs.obj" "./uartstdio.obj" "C:/ti/TivaWare_C_Series-2.1.4.178/driverlib/ccs/Debug/driverlib.lib" "../tm4c123gh6pm.cmd"  -llibc.a 
<Linking>
 
 undefined        first referenced              
  symbol              in file                   
 ---------        ----------------              
 Timer1IntHandler ./tm4c123gh6pm_startup_ccs.obj
 
error #10234-D: unresolved symbols remain
error #10010: errors encountered during linking; "proyecto.out" not built
 
>> Compilation failure
makefile:144: recipe for target 'proyecto.out' failed
makefile:140: recipe for target 'all' failed
gmake[1]: *** [proyecto.out] Error 1
gmake: *** [all] Error 2

**** Build Finished ****
